[2017-05-24 10:38:20,156] {BackgroundProcessor} INFO - Background processor thread started
[2017-05-24 10:38:20,157] {ThreadMonitor} INFO - Thread monitor started
[2017-05-24 10:38:32,880] {Thread-11} INFO - New Enterprise Search - User: apia@192.168.110.200
[2017-05-24 10:40:28,025] {Thread-15} INFO - New Enterprise Search - User: apia@192.168.110.200
[2017-05-24 10:44:35,917] {Thread-19} INFO - New Enterprise Search - User: apia@192.168.110.200
[2017-05-24 10:45:11,656] {MainThread} INFO - Application starting
[2017-05-24 10:45:11,656] {MainThread} INFO - Reading configuration file conf.json
[2017-05-24 10:45:11,657] {MainThread} INFO - Background Processor thread starting
[2017-05-24 10:45:11,657] {MainThread} INFO - Thread monitor starting
[2017-05-24 10:45:12,658] {BackgroundProcessor} INFO - Background processor thread started
[2017-05-24 10:45:12,660] {ThreadMonitor} INFO - Thread monitor started
[2017-05-24 10:45:17,397] {Thread-2} INFO - New Enterprise Search - User: apia@192.168.110.200
[2017-05-24 10:48:17,094] {Thread-38} ERROR - Exception on /searchresult [GET]
Traceback (most recent call last):
  File "/usr/local/lib/python2.7/dist-packages/flask/app.py", line 1988, in wsgi_app
    response = self.full_dispatch_request()
  File "/usr/local/lib/python2.7/dist-packages/flask/app.py", line 1641, in full_dispatch_request
    rv = self.handle_user_exception(e)
  File "/usr/local/lib/python2.7/dist-packages/flask/app.py", line 1544, in handle_user_exception
    reraise(exc_type, exc_value, tb)
  File "/usr/local/lib/python2.7/dist-packages/flask/app.py", line 1639, in full_dispatch_request
    rv = self.dispatch_request()
  File "/usr/local/lib/python2.7/dist-packages/flask/app.py", line 1625, in dispatch_request
    return self.view_functions[rule.endpoint](**req.view_args)
  File "hxtool.py", line 268, in searchresult
    res = formatSearchResults(hostresults)
  File "/opt/hx-hxTool/hxtool_formatting.py", line 116, in formatSearchResults
    for entry in hostresults['data']['entries']:
TypeError: 'NoneType' object has no attribute '__getitem__'
[2017-05-24 11:04:15,589] {Thread-53} INFO - Successful Authentication - User: apia@192.168.110.200
[2017-05-24 11:13:08,507] {MainThread} INFO - Application starting
[2017-05-24 11:13:08,507] {MainThread} INFO - Reading configuration file conf.json
[2017-05-24 11:13:08,507] {MainThread} INFO - Background Processor thread starting
[2017-05-24 11:13:08,507] {MainThread} INFO - Thread monitor starting
[2017-05-24 11:13:09,508] {BackgroundProcessor} INFO - Background processor thread started
[2017-05-24 11:13:09,508] {ThreadMonitor} INFO - Thread monitor started
[2017-05-24 11:58:36,479] {Thread-96} INFO - User logged out:apia@192.168.110.200
[2017-05-24 14:47:18,598] {ThreadMonitor} INFO - Background processor thread is not running, attempting to restart...
[2017-05-24 15:20:11,036] {Thread-104} INFO - Successful Authentication - User: apia@192.168.110.200
[2017-05-24 15:21:23,235] {MainThread} INFO - Application starting
[2017-05-24 15:21:23,235] {MainThread} INFO - Reading configuration file conf.json
[2017-05-24 15:21:23,236] {MainThread} INFO - Background Processor thread starting
[2017-05-24 15:21:23,236] {MainThread} INFO - Thread monitor starting
[2017-05-24 15:21:24,237] {BackgroundProcessor} INFO - Background processor thread started
[2017-05-24 15:21:24,237] {ThreadMonitor} INFO - Thread monitor started
[2017-05-24 15:23:15,180] {Thread-20} INFO - New bulk acquisition - User: apia@192.168.110.200
[2017-05-24 15:23:16,881] {Thread-24} INFO - Bulk acquisition action DOWNLOAD - User: apia@192.168.110.200
[2017-05-24 15:23:44,139] {BackgroundProcessor} INFO - Bulk Downloader: Writing file - bulkdownload/HX1500V_82/XAGENT24_G8s3hSq0llebvGkUTILkzY.zip
[2017-05-24 15:23:44,243] {BackgroundProcessor} INFO - Bulk Downloader: Writing file - bulkdownload/HX1500V_82/WIN-XAGENT3_GJ2gPRleoPjcUXLc78jpKq.zip
[2017-05-24 15:24:24,390] {Thread-74} INFO - Indicator(s) exported - User: apia@192.168.110.200
[2017-05-24 15:25:33,946] {Thread-88} INFO - New data stacking job - User: apia@192.168.110.200
[2017-05-24 15:25:38,871] {BackgroundProcessor} INFO - Stacking: Starting bulk acquisition - services-md5
[2017-05-24 15:25:44,679] {BackgroundProcessor} INFO - Stacking: Bulk acquisition is running on the controller, update the state - RUNNING
[2017-05-24 15:26:14,284] {BackgroundProcessor} INFO - Stacking: Found completed bulk acquisition - XAGENT24
[2017-05-24 15:26:14,380] {BackgroundProcessor} INFO - Stacking: Completed post-processing - XAGENT24
[2017-05-24 15:26:20,321] {BackgroundProcessor} INFO - Stacking: Found completed bulk acquisition - WIN-XAGENT3
[2017-05-24 15:26:20,404] {BackgroundProcessor} INFO - Stacking: Completed post-processing - WIN-XAGENT3
[2017-05-24 15:53:40,743] {ThreadMonitor} INFO - Background processor thread is not running, attempting to restart...
[2017-05-24 16:22:05,542] {Thread-126} INFO - Successful Authentication - User: apia@192.168.110.200
[2017-05-24 16:22:43,969] {MainThread} INFO - Application starting
[2017-05-24 16:22:43,969] {MainThread} INFO - Reading configuration file conf.json
[2017-05-24 16:22:43,970] {MainThread} INFO - Background Processor thread starting
[2017-05-24 16:22:43,971] {MainThread} INFO - Thread monitor starting
[2017-05-24 16:22:44,971] {BackgroundProcessor} INFO - Background processor thread started
[2017-05-24 16:22:44,972] {ThreadMonitor} INFO - Thread monitor started
[2017-05-24 16:23:24,810] {MainThread} INFO - Application starting
[2017-05-24 16:23:24,810] {MainThread} INFO - Reading configuration file conf.json
[2017-05-24 16:23:24,810] {MainThread} INFO - Background Processor thread starting
[2017-05-24 16:23:24,810] {MainThread} INFO - Thread monitor starting
[2017-05-24 16:23:25,812] {BackgroundProcessor} INFO - Background processor thread started
[2017-05-24 16:23:25,812] {ThreadMonitor} INFO - Thread monitor started
[2017-05-24 16:24:00,275] {MainThread} INFO - Application starting
[2017-05-24 16:24:00,275] {MainThread} INFO - Reading configuration file conf.json
[2017-05-24 16:24:00,276] {MainThread} INFO - Background Processor thread starting
[2017-05-24 16:24:00,276] {MainThread} INFO - Thread monitor starting
[2017-05-24 16:24:01,277] {BackgroundProcessor} INFO - Background processor thread started
[2017-05-24 16:24:01,278] {ThreadMonitor} INFO - Thread monitor started
[2017-05-24 16:25:35,802] {Thread-24} INFO - User logged out:apia@192.168.110.200
[2017-05-24 16:40:20,585] {MainThread} INFO - Application starting
[2017-05-24 16:40:20,585] {MainThread} INFO - Reading configuration file conf.json
[2017-05-24 16:40:20,586] {MainThread} INFO - Background Processor thread starting
[2017-05-24 16:40:20,586] {MainThread} INFO - Thread monitor starting
[2017-05-24 16:40:21,587] {BackgroundProcessor} INFO - Background processor thread started
[2017-05-24 16:40:21,587] {ThreadMonitor} INFO - Thread monitor started
[2017-05-24 16:46:22,800] {MainThread} INFO - Application starting
[2017-05-24 16:46:22,800] {MainThread} INFO - Reading configuration file conf.json
[2017-05-24 16:46:22,800] {MainThread} INFO - Background Processor thread starting
[2017-05-24 16:46:22,801] {MainThread} INFO - Thread monitor starting
[2017-05-24 16:46:23,802] {BackgroundProcessor} INFO - Background processor thread started
[2017-05-24 16:46:23,802] {ThreadMonitor} INFO - Thread monitor started
[2017-05-24 16:46:28,950] {Thread-9} INFO - Successful Authentication - User: apia@192.168.110.200
[2017-05-24 16:49:10,519] {Thread-45} INFO - New annotation - User: apia@192.168.110.200
[2017-05-24 16:49:28,030] {Thread-49} INFO - New annotation - User: apia@192.168.110.200
[2017-05-24 16:49:40,013] {Thread-53} ERROR - Exception on /annotatedisplay [GET]
Traceback (most recent call last):
  File "/usr/local/lib/python2.7/dist-packages/flask/app.py", line 1988, in wsgi_app
    response = self.full_dispatch_request()
  File "/usr/local/lib/python2.7/dist-packages/flask/app.py", line 1641, in full_dispatch_request
    rv = self.handle_user_exception(e)
  File "/usr/local/lib/python2.7/dist-packages/flask/app.py", line 1544, in handle_user_exception
    reraise(exc_type, exc_value, tb)
  File "/usr/local/lib/python2.7/dist-packages/flask/app.py", line 1639, in full_dispatch_request
    rv = self.dispatch_request()
  File "/usr/local/lib/python2.7/dist-packages/flask/app.py", line 1625, in dispatch_request
    return self.view_functions[rule.endpoint](**req.view_args)
  File "hxtool.py", line 226, in annotatedisplay
    an = sqlGetAnnotations(c, conn, request.args.get('alertid'), session['ht_profileid'])
  File "/opt/hx-hxTool/hxtool_db.py", line 105, in sqlGetAnnotations
    c.execute("SELECT annotation.text, annotation.state, annotation.ctime, annotation.cuser from annotation, alerts where alerts.id = annotation.alertid and alerts.hxalertid = ? and alerts.profileid = ?", (alertid, profileid))
ProgrammingError: SQLite objects created in a thread can only be used in that same thread.The object was created in thread id 139990184740672 and this is thread id 139990029825792
[2017-05-24 16:49:42,881] {Thread-55} ERROR - Exception on /annotatedisplay [GET]
Traceback (most recent call last):
  File "/usr/local/lib/python2.7/dist-packages/flask/app.py", line 1988, in wsgi_app
    response = self.full_dispatch_request()
  File "/usr/local/lib/python2.7/dist-packages/flask/app.py", line 1641, in full_dispatch_request
    rv = self.handle_user_exception(e)
  File "/usr/local/lib/python2.7/dist-packages/flask/app.py", line 1544, in handle_user_exception
    reraise(exc_type, exc_value, tb)
  File "/usr/local/lib/python2.7/dist-packages/flask/app.py", line 1639, in full_dispatch_request
    rv = self.dispatch_request()
  File "/usr/local/lib/python2.7/dist-packages/flask/app.py", line 1625, in dispatch_request
    return self.view_functions[rule.endpoint](**req.view_args)
  File "hxtool.py", line 226, in annotatedisplay
    an = sqlGetAnnotations(c, conn, request.args.get('alertid'), session['ht_profileid'])
  File "/opt/hx-hxTool/hxtool_db.py", line 105, in sqlGetAnnotations
    c.execute("SELECT annotation.text, annotation.state, annotation.ctime, annotation.cuser from annotation, alerts where alerts.id = annotation.alertid and alerts.hxalertid = ? and alerts.profileid = ?", (alertid, profileid))
ProgrammingError: SQLite objects created in a thread can only be used in that same thread.The object was created in thread id 139990184740672 and this is thread id 139990029825792
[2017-05-24 16:49:45,540] {Thread-57} ERROR - Exception on /annotatedisplay [GET]
Traceback (most recent call last):
  File "/usr/local/lib/python2.7/dist-packages/flask/app.py", line 1988, in wsgi_app
    response = self.full_dispatch_request()
  File "/usr/local/lib/python2.7/dist-packages/flask/app.py", line 1641, in full_dispatch_request
    rv = self.handle_user_exception(e)
  File "/usr/local/lib/python2.7/dist-packages/flask/app.py", line 1544, in handle_user_exception
    reraise(exc_type, exc_value, tb)
  File "/usr/local/lib/python2.7/dist-packages/flask/app.py", line 1639, in full_dispatch_request
    rv = self.dispatch_request()
  File "/usr/local/lib/python2.7/dist-packages/flask/app.py", line 1625, in dispatch_request
    return self.view_functions[rule.endpoint](**req.view_args)
  File "hxtool.py", line 226, in annotatedisplay
    an = sqlGetAnnotations(c, conn, request.args.get('alertid'), session['ht_profileid'])
  File "/opt/hx-hxTool/hxtool_db.py", line 105, in sqlGetAnnotations
    c.execute("SELECT annotation.text, annotation.state, annotation.ctime, annotation.cuser from annotation, alerts where alerts.id = annotation.alertid and alerts.hxalertid = ? and alerts.profileid = ?", (alertid, profileid))
ProgrammingError: SQLite objects created in a thread can only be used in that same thread.The object was created in thread id 139990184740672 and this is thread id 139990029825792
[2017-05-24 16:49:48,137] {Thread-59} ERROR - Exception on /annotatedisplay [GET]
Traceback (most recent call last):
  File "/usr/local/lib/python2.7/dist-packages/flask/app.py", line 1988, in wsgi_app
    response = self.full_dispatch_request()
  File "/usr/local/lib/python2.7/dist-packages/flask/app.py", line 1641, in full_dispatch_request
    rv = self.handle_user_exception(e)
  File "/usr/local/lib/python2.7/dist-packages/flask/app.py", line 1544, in handle_user_exception
    reraise(exc_type, exc_value, tb)
  File "/usr/local/lib/python2.7/dist-packages/flask/app.py", line 1639, in full_dispatch_request
    rv = self.dispatch_request()
  File "/usr/local/lib/python2.7/dist-packages/flask/app.py", line 1625, in dispatch_request
    return self.view_functions[rule.endpoint](**req.view_args)
  File "hxtool.py", line 226, in annotatedisplay
    an = sqlGetAnnotations(c, conn, request.args.get('alertid'), session['ht_profileid'])
  File "/opt/hx-hxTool/hxtool_db.py", line 105, in sqlGetAnnotations
    c.execute("SELECT annotation.text, annotation.state, annotation.ctime, annotation.cuser from annotation, alerts where alerts.id = annotation.alertid and alerts.hxalertid = ? and alerts.profileid = ?", (alertid, profileid))
ProgrammingError: SQLite objects created in a thread can only be used in that same thread.The object was created in thread id 139990184740672 and this is thread id 139990029825792
[2017-05-24 16:52:38,405] {Thread-87} INFO - New Enterprise Search - User: apia@192.168.110.200
[2017-05-24 16:52:46,424] {Thread-91} ERROR - Exception on /searchresult [GET]
Traceback (most recent call last):
  File "/usr/local/lib/python2.7/dist-packages/flask/app.py", line 1988, in wsgi_app
    response = self.full_dispatch_request()
  File "/usr/local/lib/python2.7/dist-packages/flask/app.py", line 1641, in full_dispatch_request
    rv = self.handle_user_exception(e)
  File "/usr/local/lib/python2.7/dist-packages/flask/app.py", line 1544, in handle_user_exception
    reraise(exc_type, exc_value, tb)
  File "/usr/local/lib/python2.7/dist-packages/flask/app.py", line 1639, in full_dispatch_request
    rv = self.dispatch_request()
  File "/usr/local/lib/python2.7/dist-packages/flask/app.py", line 1625, in dispatch_request
    return self.view_functions[rule.endpoint](**req.view_args)
  File "hxtool.py", line 266, in searchresult
    hostresults = restGetSearchResults(session['ht_token'], request.args.get('id'), session['ht_ip'], '3000')
  File "/opt/hx-hxTool/hx_lib.py", line 776, in restGetSearchResults
    r = json.loads(response.read().decode(response.info().getparam('charset') or 'utf-8'))
  File "/usr/lib/python2.7/json/__init__.py", line 338, in loads
    return _default_decoder.decode(s)
  File "/usr/lib/python2.7/json/decoder.py", line 366, in decode
    obj, end = self.raw_decode(s, idx=_w(s, 0).end())
  File "/usr/lib/python2.7/json/decoder.py", line 384, in raw_decode
    raise ValueError("No JSON object could be decoded")
ValueError: No JSON object could be decoded
[2017-05-24 16:57:29,264] {Thread-132} INFO - New bulk acquisition - User: apia@192.168.110.200
[2017-05-24 16:57:33,322] {Thread-136} INFO - Bulk acquisition action DOWNLOAD - User: apia@192.168.110.200
[2017-05-24 16:58:02,587] {BackgroundProcessor} INFO - Bulk Downloader: Writing file - bulkdownload/HX1500V_85/XAGENT24_G8s3hSq0llebvGkUTILkzY.zip
[2017-05-24 16:58:02,701] {BackgroundProcessor} INFO - Bulk Downloader: Writing file - bulkdownload/HX1500V_85/WIN-XAGENT3_GJ2gPRleoPjcUXLc78jpKq.zip
[2017-05-24 16:58:38,995] {Thread-154} INFO - Bulk acquisition download - User: apia@192.168.110.200
[2017-05-24 17:00:06,793] {Thread-164} INFO - Bulk acquisition download - User: apia@192.168.110.200
[2017-05-24 17:02:38,268] {Thread-174} INFO - Bulk acquisition download - User: apia@192.168.110.200
[2017-05-24 17:04:00,615] {Thread-180} INFO - New data stacking job - User: apia@192.168.110.200
[2017-05-24 17:04:05,697] {BackgroundProcessor} INFO - Stacking: Starting bulk acquisition - services-md5
[2017-05-24 17:04:11,795] {BackgroundProcessor} INFO - Stacking: Bulk acquisition is running on the controller, update the state - RUNNING
[2017-05-24 17:04:24,184] {BackgroundProcessor} INFO - Stacking: Found completed bulk acquisition - XAGENT24
[2017-05-24 17:04:24,290] {BackgroundProcessor} INFO - Stacking: Completed post-processing - XAGENT24
[2017-05-24 17:04:24,291] {BackgroundProcessor} INFO - Stacking: Found completed bulk acquisition - WIN-XAGENT3
[2017-05-24 17:04:24,391] {BackgroundProcessor} INFO - Stacking: Completed post-processing - WIN-XAGENT3
[2017-05-24 17:09:03,968] {Thread-216} INFO - New indicator created - User: apia@192.168.110.200
[2017-05-24 17:09:51,759] {Thread-230} INFO - Indicator(s) exported - User: apia@192.168.110.200
[2017-05-24 17:10:02,240] {Thread-238} INFO - Indicator(s) exported - User: apia@192.168.110.200
[2017-05-24 17:12:02,229] {Thread-252} INFO - Background Processing credentials unset profileid: 1 by user: apia@192.168.110.200
[2017-05-24 17:12:14,484] {Thread-258} INFO - Background Processing credentials set profileid: 1 by user: apia@192.168.110.200
[2017-05-24 23:08:54,840] {ThreadMonitor} INFO - Background processor thread is not running, attempting to restart...
[2017-05-25 09:23:36,907] {Thread-276} INFO - Successful Authentication - User: apia@192.168.110.200
[2017-05-25 09:28:29,512] {Thread-300} INFO - New data stacking job - User: apia@192.168.110.200
[2017-05-25 09:29:28,568] {MainThread} INFO - Application starting
[2017-05-25 09:29:28,569] {MainThread} INFO - Reading configuration file conf.json
[2017-05-25 09:29:28,569] {MainThread} INFO - Background Processor thread starting
[2017-05-25 09:29:28,569] {MainThread} INFO - Thread monitor starting
[2017-05-25 09:29:29,570] {BackgroundProcessor} INFO - Background processor thread started
[2017-05-25 09:29:29,571] {ThreadMonitor} INFO - Thread monitor started
[2017-05-25 09:29:30,209] {BackgroundProcessor} INFO - Stacking: Starting bulk acquisition - services-md5
[2017-05-25 09:29:36,771] {BackgroundProcessor} INFO - Stacking: Bulk acquisition is running on the controller, update the state - RUNNING
[2017-05-25 09:29:56,123] {BackgroundProcessor} INFO - Stacking: Found completed bulk acquisition - XAGENT24
[2017-05-25 09:29:56,233] {BackgroundProcessor} INFO - Stacking: Completed post-processing - XAGENT24
[2017-05-25 09:30:09,413] {BackgroundProcessor} INFO - Stacking: Found completed bulk acquisition - WIN-XAGENT3
[2017-05-25 09:30:09,519] {BackgroundProcessor} INFO - Stacking: Completed post-processing - WIN-XAGENT3
[2017-05-25 09:33:28,091] {MainThread} INFO - Application starting
[2017-05-25 09:33:28,092] {MainThread} INFO - Reading configuration file conf.json
[2017-05-25 09:33:28,092] {MainThread} INFO - Background Processor thread starting
[2017-05-25 09:33:28,092] {MainThread} INFO - Thread monitor starting
[2017-05-25 09:33:29,094] {ThreadMonitor} INFO - Thread monitor started
[2017-05-25 09:33:29,094] {BackgroundProcessor} INFO - Background processor thread started
[2017-05-25 09:42:50,917] {MainThread} INFO - Application starting
[2017-05-25 09:42:50,917] {MainThread} INFO - Reading configuration file conf.json
[2017-05-25 09:42:50,918] {MainThread} INFO - Background Processor thread starting
[2017-05-25 09:42:50,918] {MainThread} INFO - Thread monitor starting
[2017-05-25 09:42:51,918] {BackgroundProcessor} INFO - Background processor thread started
[2017-05-25 09:42:51,919] {ThreadMonitor} INFO - Thread monitor started
[2017-05-25 10:01:33,006] {MainThread} INFO - Application starting
[2017-05-25 10:01:33,006] {MainThread} INFO - Reading configuration file conf.json
[2017-05-25 10:01:33,007] {MainThread} INFO - Background Processor thread starting
[2017-05-25 10:01:33,007] {MainThread} INFO - Thread monitor starting
[2017-05-25 10:01:34,008] {BackgroundProcessor} INFO - Background processor thread started
[2017-05-25 10:01:34,009] {ThreadMonitor} INFO - Thread monitor started
[2017-05-25 10:03:02,821] {MainThread} INFO - Application starting
[2017-05-25 10:03:02,821] {MainThread} INFO - Reading configuration file conf.json
[2017-05-25 10:03:02,821] {MainThread} INFO - Background Processor thread starting
[2017-05-25 10:03:02,822] {MainThread} INFO - Thread monitor starting
[2017-05-25 10:03:03,823] {ThreadMonitor} INFO - Thread monitor started
[2017-05-25 10:03:03,823] {BackgroundProcessor} INFO - Background processor thread started
[2017-05-25 10:17:01,191] {Thread-8} INFO - Successful Authentication - User: apia@192.168.110.200
[2017-05-25 12:17:09,340] {Thread-80} INFO - Successful Authentication - User: apia@192.168.110.200
[2017-05-25 16:51:44,525] {MainThread} INFO - Application starting
[2017-05-25 16:51:44,525] {MainThread} INFO - Reading configuration file conf.json
[2017-05-25 16:51:44,526] {MainThread} INFO - Background Processor thread starting
[2017-05-25 16:51:44,530] {MainThread} INFO - Thread monitor starting
[2017-05-25 16:51:45,527] {BackgroundProcessor} INFO - Background processor thread started
[2017-05-25 16:51:45,531] {ThreadMonitor} INFO - Thread monitor started
[2017-05-26 08:30:58,354] {Thread-12} INFO - Successful Authentication - User: apia@192.168.110.200
[2017-05-26 08:31:09,866] {Thread-36} INFO - Bulk acquisition action REMOVE - User: apia@192.168.110.200
[2017-05-26 08:31:14,009] {Thread-46} INFO - Data stacking action REMOVE - User: apia@192.168.110.200
[2017-05-26 08:31:14,640] {Thread-52} INFO - Data stacking action REMOVE - User: apia@192.168.110.200
[2017-05-26 08:31:15,307] {BackgroundProcessor} INFO - Stacking: Removing bulk acquisition - services-md5
[2017-05-26 08:31:15,531] {BackgroundProcessor} INFO - Stacking: Removing bulk acquisition - services-md5
[2017-05-26 08:31:15,962] {Thread-58} INFO - Data stacking action REMOVE - User: apia@192.168.110.200
[2017-05-26 08:31:21,727] {BackgroundProcessor} INFO - Stacking: Removing bulk acquisition - services-md5
[2017-05-26 08:32:47,399] {Thread-80} INFO - Data stacking action REMOVE - User: apia@192.168.110.200
[2017-05-26 08:32:52,848] {BackgroundProcessor} INFO - Stacking: Removing bulk acquisition - services-md5
[2017-05-26 08:43:30,274] {MainThread} INFO - Application starting
[2017-05-26 08:43:30,274] {MainThread} INFO - Reading configuration file conf.json
[2017-05-26 08:43:30,274] {MainThread} INFO - Reading configuration file conf.json
[2017-05-26 08:43:30,275] {MainThread} INFO - Background Processor thread starting
[2017-05-26 08:43:31,276] {BackgroundProcessor} INFO - Background processor thread started
[2017-05-26 08:44:13,878] {MainThread} INFO - Application starting
[2017-05-26 08:44:13,878] {MainThread} INFO - Reading configuration file conf.json
[2017-05-26 08:44:13,879] {MainThread} INFO - Reading configuration file conf.json
[2017-05-26 08:44:13,879] {MainThread} INFO - Background Processor thread starting
[2017-05-26 08:44:14,881] {BackgroundProcessor} INFO - Background processor thread started
[2017-05-26 08:45:13,554] {MainThread} INFO - Application starting
[2017-05-26 08:45:13,554] {MainThread} INFO - Reading configuration file conf.json
[2017-05-26 08:45:13,554] {MainThread} INFO - Reading configuration file conf.json
[2017-05-26 08:46:25,152] {MainThread} INFO - Application starting
[2017-05-26 08:46:25,153] {MainThread} INFO - Reading configuration file conf.json
[2017-05-26 08:46:25,153] {MainThread} INFO - Configuration file is OK conf.json
[2017-05-26 08:46:25,153] {MainThread} INFO - Reading configuration file conf.json
[2017-05-26 08:46:25,153] {MainThread} INFO - Background Processor thread starting
[2017-05-26 08:46:26,155] {BackgroundProcessor} INFO - Background processor thread started
[2017-05-26 08:47:47,596] {MainThread} INFO - Application starting
[2017-05-26 08:47:47,596] {MainThread} INFO - Checking configuration file conf.json
[2017-05-26 08:47:47,596] {MainThread} INFO - Configuration file is OK conf.json
[2017-05-26 08:47:47,596] {MainThread} INFO - Reading configuration file conf.json
[2017-05-26 08:47:47,597] {MainThread} INFO - Background Processor thread starting
[2017-05-26 08:47:48,598] {BackgroundProcessor} INFO - Background processor thread started
[2017-05-26 08:48:31,841] {MainThread} INFO - Application starting
[2017-05-26 08:48:31,842] {MainThread} INFO - Checking configuration file conf.json
[2017-05-26 08:48:31,842] {MainThread} INFO - Configuration file is OK conf.json
[2017-05-26 08:48:31,842] {MainThread} INFO - Reading configuration file conf.json
[2017-05-26 08:48:31,842] {MainThread} INFO - Background Processor thread starting
[2017-05-26 08:48:32,843] {BackgroundProcessor} INFO - Background processor thread started
[2017-05-26 08:48:32,844] {BackgroundProcessor} INFO - Checking configuration file conf.json
[2017-05-26 08:48:32,844] {BackgroundProcessor} INFO - Configuration file is OK conf.json
[2017-05-26 08:48:32,844] {BackgroundProcessor} INFO - Reading configuration file conf.json
[2017-05-26 08:50:52,066] {MainThread} INFO - Application starting
[2017-05-26 08:50:52,066] {MainThread} INFO - Checking configuration file conf.json
[2017-05-26 08:50:52,066] {MainThread} INFO - Configuration file is OK conf.json
[2017-05-26 08:50:52,067] {MainThread} INFO - Reading configuration file conf.json
[2017-05-26 08:50:52,067] {MainThread} INFO - Background Processor thread starting
[2017-05-26 08:50:53,069] {BackgroundProcessor} INFO - Background processor thread started
[2017-05-26 08:50:53,069] {BackgroundProcessor} INFO - Checking configuration file conf.json
[2017-05-26 08:50:53,069] {BackgroundProcessor} INFO - Configuration file is OK conf.json
[2017-05-26 08:50:53,069] {BackgroundProcessor} INFO - Reading configuration file conf.json
[2017-05-26 08:51:22,420] {MainThread} INFO - Application starting
[2017-05-26 08:51:22,421] {MainThread} INFO - Checking configuration file conf.json
[2017-05-26 08:51:22,421] {MainThread} INFO - Configuration file is OK conf.json
[2017-05-26 08:51:22,421] {MainThread} INFO - Reading configuration file conf.json
[2017-05-26 08:51:22,422] {MainThread} INFO - Background Processor thread starting
[2017-05-26 08:51:23,423] {BackgroundProcessor} INFO - Background processor thread started
[2017-05-26 08:51:23,423] {BackgroundProcessor} INFO - Checking configuration file conf.json
[2017-05-26 08:51:23,424] {BackgroundProcessor} INFO - Configuration file is OK conf.json
[2017-05-26 08:51:23,424] {BackgroundProcessor} INFO - Reading configuration file conf.json
[2017-05-26 08:51:53,558] {MainThread} INFO - Application starting
[2017-05-26 08:51:53,558] {MainThread} INFO - Checking configuration file conf.json
[2017-05-26 08:51:53,558] {MainThread} INFO - Configuration file is OK conf.json
[2017-05-26 08:51:53,558] {MainThread} INFO - Reading configuration file conf.json
[2017-05-26 08:51:53,559] {MainThread} INFO - Background Processor thread starting
[2017-05-26 08:51:54,560] {BackgroundProcessor} INFO - Background processor thread started
[2017-05-26 08:51:54,561] {BackgroundProcessor} INFO - Checking configuration file conf.json
[2017-05-26 08:51:54,561] {BackgroundProcessor} INFO - Configuration file is OK conf.json
[2017-05-26 08:51:54,561] {BackgroundProcessor} INFO - Reading configuration file conf.json
[2017-05-26 08:55:30,533] {Thread-41} INFO - User logged out:apia@192.168.110.200
[2017-05-26 09:11:55,217] {MainThread} INFO - Application starting
[2017-05-26 09:11:55,218] {MainThread} INFO - Checking configuration file conf.json
[2017-05-26 09:11:55,218] {MainThread} INFO - Configuration file is OK conf.json
[2017-05-26 09:11:55,218] {MainThread} INFO - Reading configuration file conf.json
[2017-05-26 09:11:55,219] {MainThread} INFO - Background Processor thread starting
[2017-05-26 09:11:56,220] {BackgroundProcessor} INFO - Background processor thread started
[2017-05-26 09:11:56,220] {BackgroundProcessor} INFO - Checking configuration file conf.json
[2017-05-26 09:11:56,221] {BackgroundProcessor} INFO - Configuration file is OK conf.json
[2017-05-26 09:11:56,221] {BackgroundProcessor} INFO - Reading configuration file conf.json
[2017-05-26 09:14:01,097] {Thread-2} INFO - New controller profile added
[2017-05-26 09:15:24,278] {Thread-6} INFO - Successful Authentication - User: apia@192.168.110.200
[2017-05-26 09:20:31,071] {Thread-32} INFO - New annotation - User: apia@192.168.110.200
[2017-05-26 09:20:48,976] {Thread-52} INFO - New annotation - User: apia@192.168.110.200
[2017-05-26 09:23:36,710] {Thread-62} INFO - New Enterprise Search - User: apia@192.168.110.200
[2017-05-26 09:27:36,357] {Thread-74} INFO - New bulk acquisition - User: apia@192.168.110.200
[2017-05-26 09:28:53,872] {Thread-90} INFO - Bulk acquisition download - User: apia@192.168.110.200
[2017-05-26 09:29:15,458] {Thread-96} INFO - Bulk acquisition action DOWNLOAD - User: apia@192.168.110.200
[2017-05-26 09:29:18,636] {BackgroundProcessor} INFO - Bulk Downloader: Writing file - bulkdownload/HX1500V_91/XAGENT24_G8s3hSq0llebvGkUTILkzY.zip
[2017-05-26 09:29:18,755] {BackgroundProcessor} INFO - Bulk Downloader: Writing file - bulkdownload/HX1500V_91/WIN-XAGENT3_GJ2gPRleoPjcUXLc78jpKq.zip
[2017-05-26 09:30:45,510] {Thread-106} INFO - Bulk acquisition action STOP DOWNLOAD - User: apia@192.168.110.200
[2017-05-26 09:30:58,955] {Thread-112} INFO - Bulk acquisition action STOP - User: apia@192.168.110.200
[2017-05-26 09:31:16,773] {Thread-118} INFO - Bulk acquisition action REMOVE - User: apia@192.168.110.200
[2017-05-26 09:33:34,136] {Thread-128} INFO - New data stacking job - User: apia@192.168.110.200
[2017-05-26 09:33:36,995] {BackgroundProcessor} INFO - Stacking: Starting bulk acquisition - services-md5
[2017-05-26 09:33:43,016] {BackgroundProcessor} INFO - Stacking: Bulk acquisition is running on the controller, update the state - RUNNING
[2017-05-26 09:34:13,573] {BackgroundProcessor} INFO - Stacking: Found completed bulk acquisition - WIN-XAGENT3
[2017-05-26 09:34:13,665] {BackgroundProcessor} INFO - Stacking: Completed post-processing - WIN-XAGENT3
[2017-05-26 09:34:19,603] {BackgroundProcessor} INFO - Stacking: Found completed bulk acquisition - XAGENT24
[2017-05-26 09:34:19,709] {BackgroundProcessor} INFO - Stacking: Completed post-processing - XAGENT24
[2017-05-26 09:38:19,054] {Thread-164} INFO - Background Processing credentials unset profileid: 1 by user: apia@192.168.110.200
[2017-05-26 09:38:35,737] {Thread-170} INFO - Background Processing credentials set profileid: 1 by user: apia@192.168.110.200
[2017-05-26 09:40:51,899] {Thread-198} INFO - Indicator(s) exported - User: apia@192.168.110.200
[2017-05-26 09:41:50,033] {Thread-206} INFO - Indicator(s) exported - User: apia@192.168.110.200
[2017-05-26 09:42:48,704] {Thread-212} INFO - New indicator category created - User: apia@192.168.110.200
[2017-05-26 09:45:33,134] {Thread-220} INFO - New indicator created - User: apia@192.168.110.200
[2017-05-26 10:18:24,075] {Thread-236} INFO - Successful Authentication - User: apia@192.168.110.200
[2017-05-26 10:18:48,404] {Thread-246} INFO - New indicator created - User: apia@192.168.110.200
[2017-05-26 10:18:49,046] {Thread-246} ERROR - Exception on /buildioc [POST]
Traceback (most recent call last):
  File "/usr/local/lib/python2.7/dist-packages/flask/app.py", line 1988, in wsgi_app
    response = self.full_dispatch_request()
  File "/usr/local/lib/python2.7/dist-packages/flask/app.py", line 1641, in full_dispatch_request
    rv = self.handle_user_exception(e)
  File "/usr/local/lib/python2.7/dist-packages/flask/app.py", line 1544, in handle_user_exception
    reraise(exc_type, exc_value, tb)
  File "/usr/local/lib/python2.7/dist-packages/flask/app.py", line 1639, in full_dispatch_request
    rv = self.dispatch_request()
  File "/usr/local/lib/python2.7/dist-packages/flask/app.py", line 1625, in dispatch_request
    return self.view_functions[rule.endpoint](**req.view_args)
  File "hxtool.py", line 330, in buildioc
    res = restAddCondition(iocuri, "execution", data, request.form['cats'], session['ht_token'], session['ht_ip'], '3000')
  File "/opt/hx-hxTool/hx_lib.py", line 235, in restAddCondition
    return(res)
UnboundLocalError: local variable 'res' referenced before assignment
[2017-05-26 10:24:27,243] {Thread-276} INFO - Bulk acquisition download - User: apia@192.168.110.200
[2017-05-26 10:47:55,872] {Thread-284} INFO - Successful Authentication - User: apia@192.168.110.200
[2017-05-26 11:18:42,891] {Thread-342} INFO - Background Processing credentials unset profileid: 1 by user: apia@192.168.110.200
[2017-05-26 11:19:06,012] {Thread-348} INFO - Background Processing credentials set profileid: 1 by user: apia@192.168.110.200
[2017-05-26 11:47:06,097] {Thread-358} INFO - Successful Authentication - User: apia@192.168.110.200
